빌드 시작: 2018-10-30 오후 5:18:48
     1>2 노드의 "C:\Users\허준석\Desktop\C 언어\2013440154허준석\HW3-7\HW3-7.vcxproj" 프로젝트(Build 대상)입니다.
     1>ClCompile:
         C:\Program Files (x86)\Microsoft Visual Studio 11.0\VC\bin\CL.exe /c /ZI /nologo /W3 /WX- /Od /Oy- /D WIN32 /D _DEBUG /D _CONSOLE /D _UNICODE /D UNICODE /Gm /EHsc /RTC1 /MDd /GS /fp:precise /Zc:wchar_t /Zc:forScope /Fo"Debug\\" /Fd"Debug\vc110.pdb" /Gd /TP /analyze- /errorReport:prompt "HW3-7.cpp"
         HW3-7.cpp
     1>c:\users\허준석\desktop\c 언어\2013440154허준석\hw3-7\hw3-7.cpp(14): error C2601: 'main' : 지역 함수 정의가 잘못되었습니다.
                 c:\users\허준석\desktop\c 언어\2013440154허준석\hw3-7\hw3-7.cpp(7): 이 줄에 짝이 되지 않는 '{'가 들어 있습니다.
     1>c:\users\허준석\desktop\c 언어\2013440154허준석\hw3-7\hw3-7.cpp(21): fatal error C1075: 왼쪽 중괄호 '{'(위치: 'c:\users\허준석\desktop\c 언어\2013440154허준석\hw3-7\hw3-7.cpp(7)')이(가) 짝이 되기 전에 파일의 끝이 나타났습니다.
     1>"C:\Users\허준석\Desktop\C 언어\2013440154허준석\HW3-7\HW3-7.vcxproj" 프로젝트를 빌드했습니다(Build 대상). - 실패

빌드하지 못했습니다.

경과 시간: 00:00:00.26
